<?xml version="1.0" encoding="UTF-8"?>
<!-- Generated by org.testng.reporters.JUnitXMLReporter -->
<testsuite hostname="03RNBC-C02375" name="DstvCommunicationPreferences" tests="2" failures="1" timestamp="6 Oct 2016 08:29:57 GMT" time="93.2" errors="0">
  <testcase name="signIn" time="59.78" classname="dstv.SignIn">
    <failure type="java.lang.NullPointerException">
      <![CDATA[java.lang.NullPointerException
	at util.Base.read(Base.java:405)
	at dstv.SignIn.signIn(SignIn.java:105)
... Removed 24 stack frames]]>
    </failure>
  </testcase> <!-- signIn -->
  <testcase name="communicationPreferences" time="21.171" classname="dstv.CommunicationPreferences"/>
</testsuite> <!-- DstvCommunicationPreferences -->
