<?xml version="1.0" encoding="UTF-8"?>
<!-- Generated by org.testng.reporters.JUnitXMLReporter -->
<testsuite hostname="03RNBC-C02375" name="DstvSignIn" tests="1" failures="1" timestamp="6 Oct 2016 08:28:24 GMT" time="68.81" errors="0">
  <testcase name="signIn" time="59.719" classname="dstv.SignIn">
    <failure type="java.lang.NullPointerException">
      <![CDATA[java.lang.NullPointerException
	at util.Base.read(Base.java:405)
	at dstv.SignIn.signIn(SignIn.java:105)
... Removed 24 stack frames]]>
    </failure>
  </testcase> <!-- signIn -->
</testsuite> <!-- DstvSignIn -->
