<?xml version="1.0" encoding="UTF-8"?>
<!-- Generated by org.testng.reporters.JUnitXMLReporter -->
<testsuite hostname="03RNBC-C02375" name="Default test" tests="1" failures="0" timestamp="18 Oct 2016 08:32:56 GMT" time="1.204" errors="0">
  <testcase name="@BeforeTest checkTestRunnable" time="0.0" classname="dstv.SignIn">
    <skipped/>
  </testcase> <!-- @BeforeTest checkTestRunnable -->
  <testcase name="@AfterTest quitBrowse" time="0.0" classname="dstv.SignIn">
    <skipped/>
  </testcase> <!-- @AfterTest quitBrowse -->
  <testcase name="signIn" time="0.0" classname="dstv.SignIn">
    <skipped/>
  </testcase> <!-- signIn -->
</testsuite> <!-- Default test -->
