<?xml version="1.0" encoding="UTF-8"?>
<!-- Generated by org.testng.reporters.JUnitXMLReporter -->
<testsuite hostname="03RNBC-C02375" name="DstvSignInIE" tests="1" failures="1" timestamp="6 Oct 2016 08:16:16 GMT" time="71.669" errors="0">
  <testcase name="signIn" time="59.995" classname="dstv.SignIn">
    <failure type="java.lang.NullPointerException">
      <![CDATA[java.lang.NullPointerException
	at util.Base.read(Base.java:405)
	at dstv.SignIn.signIn(SignIn.java:105)
... Removed 25 stack frames]]>
    </failure>
  </testcase> <!-- signIn -->
</testsuite> <!-- DstvSignInIE -->
