<?xml version="1.0" encoding="UTF-8"?>
<testsuite xmlns:xsi="http://www.w3.org/2001/XMLSchema-instance" xsi:schemaLocation="https://maven.apache.org/surefire/maven-surefire-plugin/xsd/surefire-test-report.xsd" name="TestSuite" time="1,156.805" tests="3" errors="0" skipped="0" failures="0">
  <properties>
[...]
</properties>
  <testcase name="signIn" classname="dstv.SignIn" time="19.003"/>
  <testcase name="signIn" classname="dstv.SignIn" time="15.813"/>
  <testcase name="communicationPreferences" classname="dstv.CommunicationPreferences" time="75.658"/>
</testsuite>